TN:
SF:src/achievements/AchievementManager.ts
FN:20,<instance_members_initializer>
FN:40,unlock
FN:50,getSessionUnlocks
FN:60,reset
FNF:4
FNH:1
FNDA:45,<instance_members_initializer>
FNDA:0,unlock
FNDA:0,getSessionUnlocks
FNDA:0,reset
DA:2,1
DA:19,1
DA:20,1
DA:27,45
DA:40,1
DA:42,0
DA:43,0
DA:50,1
DA:52,0
DA:53,0
DA:60,1
DA:62,0
DA:63,0
DA:64,1
LF:14
LH:8
BRDA:20,0,0,45
BRF:1
BRH:1
end_of_record
TN:
SF:src/achievements/IAchievementManager.ts
FN:1,(empty-report)
FNF:1
FNH:1
FNDA:1,(empty-report)
LF:0
LH:0
BRDA:1,0,0,1
BRF:1
BRH:1
end_of_record
TN:
SF:src/bridge/BridgeAdapter.ts
FN:24,<instance_members_initializer>
FN:27,BridgeAdapter
FN:46,setMessageHandler
FN:57,destroy
FNF:4
FNH:0
FNDA:0,<instance_members_initializer>
FNDA:0,BridgeAdapter
FNDA:0,setMessageHandler
FNDA:0,destroy
DA:3,1
DA:23,1
DA:24,1
DA:25,0
DA:27,1
DA:28,0
DA:29,0
DA:46,1
DA:48,0
DA:49,0
DA:57,1
DA:59,0
DA:60,0
DA:61,1
LF:14
LH:7
BRDA:24,0,0,0
BRF:1
BRH:0
end_of_record
TN:
SF:src/bridge/IBridgeAdapter.ts
FN:1,(empty-report)
FNF:1
FNH:1
FNDA:1,(empty-report)
LF:0
LH:0
BRDA:1,0,0,1
BRF:1
BRH:1
end_of_record
TN:
SF:src/config/GameConfig.ts
FN:1,(empty-report)
FNF:1
FNH:1
FNDA:1,(empty-report)
LF:0
LH:0
BRDA:1,0,0,1
BRF:1
BRH:1
end_of_record
TN:
SF:src/events/EventManager.ts
FN:26,<instance_members_initializer>
FN:35,EventManager
FN:47,on
FN:62,off
FN:78,emit
FN:88,clear
FNF:6
FNH:2
FNDA:45,<instance_members_initializer>
FNDA:45,EventManager
FNDA:0,on
FNDA:0,off
FNDA:0,emit
FNDA:0,clear
DA:3,1
DA:25,1
DA:26,1
DA:33,45
DA:35,1
DA:37,45
DA:47,1
DA:48,0
DA:49,0
DA:50,0
DA:52,0
DA:54,0
DA:55,0
DA:62,1
DA:63,0
DA:64,0
DA:65,0
DA:67,0
DA:78,1
DA:80,0
DA:88,1
DA:90,0
DA:91,0
DA:92,1
LF:24
LH:11
BRDA:26,0,0,45
BRDA:35,1,0,45
BRF:2
BRH:2
end_of_record
TN:
SF:src/events/IEventManager.ts
FN:1,(empty-report)
FNF:1
FNH:1
FNDA:1,(empty-report)
LF:0
LH:0
BRDA:1,0,0,1
BRF:1
BRH:1
end_of_record
TN:
SF:src/logger/Logger.ts
FN:44,<instance_members_initializer>
FN:53,Logger
FN:64,mute
FN:73,unmute
FN:82,setLevel
FN:93,debug
FN:102,info
FN:111,warn
FN:121,error
FNF:9
FNH:5
FNDA:225,<instance_members_initializer>
FNDA:225,Logger
FNDA:0,mute
FNDA:0,unmute
FNDA:0,setLevel
FNDA:10,debug
FNDA:71,info
FNDA:1,warn
FNDA:0,error
DA:31,1
DA:32,1
DA:33,1
DA:34,1
DA:35,1
DA:36,1
DA:43,1
DA:44,1
DA:45,225
DA:53,1
DA:54,225
DA:55,225
DA:56,225
DA:64,1
DA:66,0
DA:73,1
DA:75,0
DA:82,1
DA:84,0
DA:93,1
DA:95,10
DA:102,1
DA:104,71
DA:111,1
DA:113,1
DA:121,1
DA:123,0
DA:124,1
LF:28
LH:24
BRDA:31,0,0,5
BRDA:44,1,0,225
BRDA:53,2,0,225
BRDA:93,3,0,10
BRDA:102,4,0,71
BRDA:111,5,0,1
BRF:6
BRH:6
end_of_record
TN:
SF:src/sdk/GameSDK.ts
FN:126,<instance_members_initializer>
FN:157,get version
FN:161,get config
FN:176,GameSDK
FN:211,create
FN:224,isInitialized
FN:244,initialize
FN:273,startSession
FN:295,pause
FN:311,resume
FN:337,gameOver
FN:362,report
FN:385,unlockAchievement
FN:403,on
FN:417,off
FN:436,dispose
FNF:16
FNH:11
FNDA:45,<instance_members_initializer>
FNDA:3,get version
FNDA:13,get config
FNDA:45,GameSDK
FNDA:45,create
FNDA:5,isInitialized
FNDA:36,initialize
FNDA:17,startSession
FNDA:0,pause
FNDA:0,resume
FNDA:13,gameOver
FNDA:11,report
FNDA:0,unlockAchievement
FNDA:0,on
FNDA:0,off
FNDA:15,dispose
DA:6,1
DA:7,1
DA:8,1
DA:9,1
DA:10,1
DA:11,1
DA:121,1
DA:126,1
DA:129,45
DA:132,45
DA:135,45
DA:138,45
DA:141,45
DA:147,45
DA:150,45
DA:153,45
DA:157,1
DA:158,3
DA:159,3
DA:161,1
DA:162,13
DA:163,13
DA:176,1
DA:177,45
DA:178,45
DA:179,45
DA:180,45
DA:181,45
DA:182,45
DA:183,45
DA:211,1
DA:213,45
DA:214,45
DA:224,1
DA:226,5
DA:227,5
DA:244,1
DA:245,36
DA:246,7
DA:247,7
DA:248,7
DA:250,29
DA:251,29
DA:252,29
DA:253,29
DA:254,36
DA:273,1
DA:274,17
DA:275,0
DA:276,0
DA:277,0
DA:278,17
DA:279,0
DA:281,0
DA:283,17
DA:284,17
DA:285,17
DA:286,17
DA:295,1
DA:296,0
DA:297,0
DA:298,0
DA:299,0
DA:301,0
DA:302,0
DA:311,1
DA:312,0
DA:313,0
DA:314,0
DA:315,0
DA:317,0
DA:318,0
DA:337,1
DA:338,13
DA:339,3
DA:340,3
DA:341,3
DA:342,13
DA:343,0
DA:344,0
DA:345,0
DA:347,10
DA:348,10
DA:349,10
DA:350,13
DA:362,1
DA:363,11
DA:364,1
DA:365,1
DA:366,1
DA:368,10
DA:369,11
DA:385,1
DA:386,0
DA:387,0
DA:388,0
DA:389,0
DA:390,0
DA:391,0
DA:392,0
DA:393,0
DA:395,0
DA:396,0
DA:403,1
DA:405,0
DA:406,0
DA:407,0
DA:409,0
DA:410,0
DA:417,1
DA:419,0
DA:420,0
DA:421,0
DA:436,1
DA:438,15
DA:439,15
DA:440,1
LF:117
LH:79
BRDA:126,0,0,45
BRDA:157,1,0,3
BRDA:161,2,0,13
BRDA:176,3,0,45
BRDA:211,4,0,45
BRDA:224,5,0,5
BRDA:244,6,0,36
BRDA:245,7,0,7
BRDA:248,8,0,29
BRDA:273,9,0,17
BRDA:274,10,0,0
BRDA:278,11,0,0
BRDA:337,12,0,13
BRDA:338,13,0,3
BRDA:341,14,0,10
BRDA:342,15,0,0
BRDA:345,16,0,10
BRDA:362,17,0,11
BRDA:363,18,0,1
BRDA:366,19,0,10
BRDA:436,20,0,15
BRF:21
BRH:18
end_of_record
TN:
SF:src/sdk/IGameSDK.ts
FN:1,(empty-report)
FNF:1
FNH:1
FNDA:1,(empty-report)
LF:0
LH:0
BRDA:1,0,0,1
BRF:1
BRH:1
end_of_record
TN:
SF:src/session/ISessionManager.ts
FN:1,(empty-report)
FNF:1
FNH:1
FNDA:1,(empty-report)
LF:0
LH:0
BRDA:1,0,0,1
BRF:1
BRH:1
end_of_record
TN:
SF:src/session/SessionManager.ts
FN:22,<instance_members_initializer>
FN:49,start
FN:62,end
FN:71,getId
FN:81,isActive
FN:92,getMeta
FN:103,getElapsedSeconds
FN:116,generateUUID
FN:128,detectDevice
FNF:9
FNH:1
FNDA:45,<instance_members_initializer>
FNDA:0,start
FNDA:0,end
FNDA:0,getId
FNDA:0,isActive
FNDA:0,getMeta
FNDA:0,getElapsedSeconds
FNDA:0,generateUUID
FNDA:0,detectDevice
DA:3,1
DA:21,1
DA:22,1
DA:29,45
DA:30,45
DA:31,45
DA:32,45
DA:33,45
DA:49,1
DA:51,0
DA:62,1
DA:64,0
DA:71,1
DA:73,0
DA:74,0
DA:81,1
DA:83,0
DA:84,0
DA:92,1
DA:94,0
DA:95,0
DA:103,1
DA:105,0
DA:106,0
DA:116,1
DA:118,0
DA:119,0
DA:128,1
DA:130,0
DA:131,0
DA:132,0
DA:133,0
DA:134,0
DA:135,0
DA:136,0
DA:137,1
LF:36
LH:17
BRDA:22,0,0,45
BRF:1
BRH:1
end_of_record
TN:
SF:src/state/GameDataManager.ts
FN:26,<instance_members_initializer>
FN:50,report
FN:63,getLastSnapshot
FN:73,reset
FNF:4
FNH:1
FNDA:45,<instance_members_initializer>
FNDA:0,report
FNDA:0,getLastSnapshot
FNDA:0,reset
DA:3,1
DA:25,1
DA:26,1
DA:34,45
DA:50,1
DA:54,0
DA:55,0
DA:63,1
DA:65,0
DA:66,0
DA:73,1
DA:75,0
DA:76,0
DA:77,1
LF:14
LH:8
BRDA:26,0,0,45
BRF:1
BRH:1
end_of_record
TN:
SF:src/state/IGameDataManager.ts
FN:1,(empty-report)
FNF:1
FNH:1
FNDA:1,(empty-report)
LF:0
LH:0
BRDA:1,0,0,1
BRF:1
BRH:1
end_of_record
